0 info it worked if it ends with ok
1 verbose cli [ 'C:\\Program Files\\nodejs\\node.exe',
1 verbose cli   'C:\\Program Files\\nodejs\\node_modules\\npm\\bin\\npm-cli.js',
1 verbose cli   'start' ]
2 info using npm@3.10.10
3 info using node@v6.11.1
4 verbose run-script [ 'prestart', 'start', 'poststart' ]
5 info lifecycle reddit-clone-server@0.0.1~prestart: reddit-clone-server@0.0.1
6 silly lifecycle reddit-clone-server@0.0.1~prestart: no script for prestart, continuing
7 info lifecycle reddit-clone-server@0.0.1~start: reddit-clone-server@0.0.1
8 verbose lifecycle reddit-clone-server@0.0.1~start: unsafe-perm in lifecycle true
9 verbose lifecycle reddit-clone-server@0.0.1~start: PATH: C:\Program Files\nodejs\node_modules\npm\bin\node-gyp-bin;C:\Users\DAS NA DAS\Documents\GitHub\readable-react-redux-app\api-server\node_modules\.bin;C:\WINDOWS\system32;C:\WINDOWS;C:\WINDOWS\System32\Wbem;C:\WINDOWS\System32\WindowsPowerShell\v1.0\;C:\Program Files\Microsoft SQL Server\Client SDK\ODBC\110\Tools\Binn\;C:\Program Files (x86)\Microsoft SQL Server\120\Tools\Binn\;C:\Program Files\Microsoft SQL Server\120\Tools\Binn\;C:\Program Files\Microsoft SQL Server\120\DTS\Binn\;C:\Program Files (x86)\Microsoft SQL Server\130\Tools\Binn\;C:\Program Files (x86)\Skype\Phone\;C:\Program Files\Git\cmd;C:\Program Files\Microsoft SQL Server\Client SDK\ODBC\130\Tools\Binn\;C:\Program Files\Microsoft SQL Server\130\Tools\Binn\;C:\Program Files\Microsoft SQL Server\130\DTS\Binn\;C:\Program Files\nodejs\;C:\Program Files\dotnet\;C:\Users\DAS NA DAS\AppData\Local\Microsoft\WindowsApps;;C:\Program Files (x86)\Microsoft VS Code\bin;C:\Users\DAS NA DAS\AppData\Roaming\npm;C:\Program Files\Heroku\bin
10 verbose lifecycle reddit-clone-server@0.0.1~start: CWD: C:\Users\DAS NA DAS\Documents\GitHub\readable-react-redux-app\api-server
11 silly lifecycle reddit-clone-server@0.0.1~start: Args: [ '/d /s /c', 'node server.js' ]
12 silly lifecycle reddit-clone-server@0.0.1~start: Returned: code: 3221225786  signal: null
13 info lifecycle reddit-clone-server@0.0.1~start: Failed to exec start script
14 verbose stack Error: reddit-clone-server@0.0.1 start: `node server.js`
14 verbose stack Exit status 3221225786
14 verbose stack     at EventEmitter.<anonymous> (C:\Program Files\nodejs\node_modules\npm\lib\utils\lifecycle.js:255:16)
14 verbose stack     at emitTwo (events.js:106:13)
14 verbose stack     at EventEmitter.emit (events.js:191:7)
14 verbose stack     at ChildProcess.<anonymous> (C:\Program Files\nodejs\node_modules\npm\lib\utils\spawn.js:40:14)
14 verbose stack     at emitTwo (events.js:106:13)
14 verbose stack     at ChildProcess.emit (events.js:191:7)
14 verbose stack     at maybeClose (internal/child_process.js:891:16)
14 verbose stack     at Process.ChildProcess._handle.onexit (internal/child_process.js:226:5)
15 verbose pkgid reddit-clone-server@0.0.1
16 verbose cwd C:\Users\DAS NA DAS\Documents\GitHub\readable-react-redux-app\api-server
17 error Windows_NT 10.0.14393
18 error argv "C:\\Program Files\\nodejs\\node.exe" "C:\\Program Files\\nodejs\\node_modules\\npm\\bin\\npm-cli.js" "start"
19 error node v6.11.1
20 error npm  v3.10.10
21 error code ELIFECYCLE
22 error reddit-clone-server@0.0.1 start: `node server.js`
22 error Exit status 3221225786
23 error Failed at the reddit-clone-server@0.0.1 start script 'node server.js'.
23 error Make sure you have the latest version of node.js and npm installed.
23 error If you do, this is most likely a problem with the reddit-clone-server package,
23 error not with npm itself.
23 error Tell the author that this fails on your system:
23 error     node server.js
23 error You can get information on how to open an issue for this project with:
23 error     npm bugs reddit-clone-server
23 error Or if that isn't available, you can get their info via:
23 error     npm owner ls reddit-clone-server
23 error There is likely additional logging output above.
24 verbose exit [ 1, true ]
